2010-11-29T11:42:03+08:00 DEBUG: --- STARTUP TIME --- 1291002123.6286
2010-11-29T11:42:03+08:00 DEBUG: MyApp::_initConfig
2010-11-29T11:42:03+08:00 DEBUG: session_start()
2010-11-29T11:42:03+08:00 DEBUG: session_id: gakds7iq2g20ps8d7ou539ccb2
2010-11-29T11:42:03+08:00 DEBUG: REQUEST UDI: default::default/index@default
2010-11-29T11:42:03+08:00 DEBUG: EXECUTE ACTION: Controller_Default::actionindex()
2010-11-29T11:42:03+08:00 DEBUG: QDB_ActiveRecord_Association_Abstract::__construct(notes)
2010-11-29T11:42:03+08:00 DEBUG: --- SHUTDOWN TIME --- 1291002123.6828 (0.054124116897583)sec
2010-11-29T11:42:15+08:00 DEBUG: --- STARTUP TIME --- 1291002135.6388
2010-11-29T11:42:15+08:00 DEBUG: MyApp::_initConfig
2010-11-29T11:42:15+08:00 DEBUG: session_start()
2010-11-29T11:42:15+08:00 DEBUG: session_id: gakds7iq2g20ps8d7ou539ccb2
2010-11-29T11:42:15+08:00 DEBUG: REQUEST UDI: default::default/index@default
2010-11-29T11:42:15+08:00 DEBUG: EXECUTE ACTION: Controller_Default::actionindex()
2010-11-29T11:42:15+08:00 DEBUG: QDB_ActiveRecord_Association_Abstract::__construct(notes)
2010-11-29T11:42:15+08:00 DEBUG: --- SHUTDOWN TIME --- 1291002135.7008 (0.06195592880249)sec
2010-11-29T11:44:52+08:00 DEBUG: --- STARTUP TIME --- 1291002292.0921
2010-11-29T11:44:52+08:00 DEBUG: MyApp::_initConfig
2010-11-29T11:44:52+08:00 DEBUG: session_start()
2010-11-29T11:44:52+08:00 DEBUG: session_id: gakds7iq2g20ps8d7ou539ccb2
2010-11-29T11:44:52+08:00 DEBUG: REQUEST UDI: default::default/index@default
2010-11-29T11:44:52+08:00 DEBUG: EXECUTE ACTION: Controller_Default::actionindex()
2010-11-29T11:44:52+08:00 DEBUG: QDB_ActiveRecord_Association_Abstract::__construct(notes)
2010-11-29T11:44:52+08:00 DEBUG: --- SHUTDOWN TIME --- 1291002292.1879 (0.095755100250244)sec
2010-11-29T11:44:54+08:00 DEBUG: --- STARTUP TIME --- 1291002294.2024
2010-11-29T11:44:54+08:00 DEBUG: MyApp::_initConfig
2010-11-29T11:44:54+08:00 DEBUG: session_start()
2010-11-29T11:44:54+08:00 DEBUG: session_id: gakds7iq2g20ps8d7ou539ccb2
2010-11-29T11:44:54+08:00 DEBUG: REQUEST UDI: default::default/index@default
2010-11-29T11:44:54+08:00 DEBUG: EXECUTE ACTION: Controller_Default::actionindex()
2010-11-29T11:44:54+08:00 DEBUG: QDB_ActiveRecord_Association_Abstract::__construct(notes)
2010-11-29T11:44:54+08:00 DEBUG: --- SHUTDOWN TIME --- 1291002294.2284 (0.025957107543945)sec
2010-11-29T11:44:55+08:00 DEBUG: --- STARTUP TIME --- 1291002295.7942
2010-11-29T11:44:55+08:00 DEBUG: MyApp::_initConfig
2010-11-29T11:44:55+08:00 DEBUG: session_start()
2010-11-29T11:44:55+08:00 DEBUG: session_id: gakds7iq2g20ps8d7ou539ccb2
2010-11-29T11:44:55+08:00 DEBUG: REQUEST UDI: default::default/index@default
2010-11-29T11:44:55+08:00 DEBUG: EXECUTE ACTION: Controller_Default::actionindex()
2010-11-29T11:44:55+08:00 DEBUG: QDB_ActiveRecord_Association_Abstract::__construct(notes)
2010-11-29T11:44:55+08:00 DEBUG: --- SHUTDOWN TIME --- 1291002295.8138 (0.019628047943115)sec
2010-11-29T11:44:58+08:00 DEBUG: --- STARTUP TIME --- 1291002298.6414
2010-11-29T11:44:58+08:00 DEBUG: MyApp::_initConfig
2010-11-29T11:44:58+08:00 DEBUG: session_start()
2010-11-29T11:44:58+08:00 DEBUG: session_id: gakds7iq2g20ps8d7ou539ccb2
2010-11-29T11:44:58+08:00 DEBUG: REQUEST UDI: default::default/index@default
2010-11-29T11:44:58+08:00 DEBUG: EXECUTE ACTION: Controller_Default::actionindex()
2010-11-29T11:44:58+08:00 DEBUG: QDB_ActiveRecord_Association_Abstract::__construct(notes)
2010-11-29T11:44:58+08:00 DEBUG: --- SHUTDOWN TIME --- 1291002298.6601 (0.018754005432129)sec
2010-11-29T11:44:59+08:00 DEBUG: --- STARTUP TIME --- 1291002299.6269
2010-11-29T11:44:59+08:00 DEBUG: MyApp::_initConfig
2010-11-29T11:44:59+08:00 DEBUG: session_start()
2010-11-29T11:44:59+08:00 DEBUG: session_id: gakds7iq2g20ps8d7ou539ccb2
2010-11-29T11:44:59+08:00 DEBUG: REQUEST UDI: default::default/index@default
2010-11-29T11:44:59+08:00 DEBUG: EXECUTE ACTION: Controller_Default::actionindex()
2010-11-29T11:44:59+08:00 DEBUG: QDB_ActiveRecord_Association_Abstract::__construct(notes)
2010-11-29T11:44:59+08:00 DEBUG: --- SHUTDOWN TIME --- 1291002299.6456 (0.018695116043091)sec
2010-11-29T11:46:51+08:00 DEBUG: --- STARTUP TIME --- 1291002411.6553
2010-11-29T11:46:51+08:00 DEBUG: MyApp::_initConfig
2010-11-29T11:46:51+08:00 DEBUG: session_start()
2010-11-29T11:46:51+08:00 DEBUG: session_id: gakds7iq2g20ps8d7ou539ccb2
2010-11-29T11:46:51+08:00 DEBUG: REQUEST UDI: default::default/index@default
2010-11-29T11:46:51+08:00 DEBUG: EXECUTE ACTION: Controller_Default::actionindex()
2010-11-29T11:46:51+08:00 DEBUG: QDB_ActiveRecord_Association_Abstract::__construct(notes)
2010-11-29T11:46:51+08:00 DEBUG: --- SHUTDOWN TIME --- 1291002411.7069 (0.051543235778809)sec
2010-11-29T11:47:06+08:00 DEBUG: --- STARTUP TIME --- 1291002426.0499
2010-11-29T11:47:06+08:00 DEBUG: MyApp::_initConfig
2010-11-29T11:47:06+08:00 DEBUG: session_start()
2010-11-29T11:47:06+08:00 DEBUG: session_id: gakds7iq2g20ps8d7ou539ccb2
2010-11-29T11:47:06+08:00 DEBUG: REQUEST UDI: default::default/index@default
2010-11-29T11:47:06+08:00 DEBUG: EXECUTE ACTION: Controller_Default::actionindex()
2010-11-29T11:47:06+08:00 DEBUG: QDB_ActiveRecord_Association_Abstract::__construct(notes)
2010-11-29T11:47:06+08:00 DEBUG: --- SHUTDOWN TIME --- 1291002426.1621 (0.11219000816345)sec
2010-11-29T11:47:54+08:00 DEBUG: --- STARTUP TIME --- 1291002474.8675
2010-11-29T11:47:54+08:00 DEBUG: MyApp::_initConfig
2010-11-29T11:47:54+08:00 DEBUG: session_start()
2010-11-29T11:47:54+08:00 DEBUG: session_id: gakds7iq2g20ps8d7ou539ccb2
2010-11-29T11:47:54+08:00 DEBUG: REQUEST UDI: default::default/index@default
2010-11-29T11:47:54+08:00 DEBUG: EXECUTE ACTION: Controller_Default::actionindex()
2010-11-29T11:47:54+08:00 DEBUG: QDB_ActiveRecord_Association_Abstract::__construct(notes)
2010-11-29T11:47:54+08:00 DEBUG: --- SHUTDOWN TIME --- 1291002474.9436 (0.076066970825195)sec
2010-11-29T11:47:57+08:00 DEBUG: --- STARTUP TIME --- 1291002477.8222
2010-11-29T11:47:57+08:00 DEBUG: MyApp::_initConfig
2010-11-29T11:47:57+08:00 DEBUG: session_start()
2010-11-29T11:47:57+08:00 DEBUG: session_id: gakds7iq2g20ps8d7ou539ccb2
2010-11-29T11:47:57+08:00 DEBUG: REQUEST UDI: default::default/index@default
2010-11-29T11:47:57+08:00 DEBUG: EXECUTE ACTION: Controller_Default::actionindex()
2010-11-29T11:47:57+08:00 DEBUG: QDB_ActiveRecord_Association_Abstract::__construct(notes)
2010-11-29T11:47:57+08:00 DEBUG: --- SHUTDOWN TIME --- 1291002477.9704 (0.14824390411377)sec
2010-11-29T11:47:59+08:00 DEBUG: --- STARTUP TIME --- 1291002479.9106
2010-11-29T11:47:59+08:00 DEBUG: MyApp::_initConfig
2010-11-29T11:47:59+08:00 DEBUG: session_start()
2010-11-29T11:47:59+08:00 DEBUG: session_id: gakds7iq2g20ps8d7ou539ccb2
2010-11-29T11:47:59+08:00 DEBUG: REQUEST UDI: default::default/index@default
2010-11-29T11:47:59+08:00 DEBUG: EXECUTE ACTION: Controller_Default::actionindex()
2010-11-29T11:47:59+08:00 DEBUG: QDB_ActiveRecord_Association_Abstract::__construct(notes)
2010-11-29T11:47:59+08:00 DEBUG: --- SHUTDOWN TIME --- 1291002479.9376 (0.026937007904053)sec
2010-11-29T11:48:01+08:00 DEBUG: --- STARTUP TIME --- 1291002481.9943
2010-11-29T11:48:01+08:00 DEBUG: MyApp::_initConfig
2010-11-29T11:48:01+08:00 DEBUG: session_start()
2010-11-29T11:48:01+08:00 DEBUG: session_id: gakds7iq2g20ps8d7ou539ccb2
2010-11-29T11:48:01+08:00 DEBUG: REQUEST UDI: default::default/index@default
2010-11-29T11:48:01+08:00 DEBUG: EXECUTE ACTION: Controller_Default::actionindex()
2010-11-29T11:48:02+08:00 DEBUG: QDB_ActiveRecord_Association_Abstract::__construct(notes)
2010-11-29T11:48:02+08:00 DEBUG: --- SHUTDOWN TIME --- 1291002482.0162 (0.021841049194336)sec
2010-11-29T11:48:04+08:00 DEBUG: --- STARTUP TIME --- 1291002484.41
2010-11-29T11:48:04+08:00 DEBUG: MyApp::_initConfig
2010-11-29T11:48:04+08:00 DEBUG: session_start()
2010-11-29T11:48:04+08:00 DEBUG: session_id: gakds7iq2g20ps8d7ou539ccb2
2010-11-29T11:48:04+08:00 DEBUG: REQUEST UDI: default::default/index@default
2010-11-29T11:48:04+08:00 DEBUG: EXECUTE ACTION: Controller_Default::actionindex()
2010-11-29T11:48:04+08:00 DEBUG: QDB_ActiveRecord_Association_Abstract::__construct(notes)
2010-11-29T11:48:04+08:00 DEBUG: --- SHUTDOWN TIME --- 1291002484.4574 (0.047359943389893)sec
2010-11-29T11:48:06+08:00 DEBUG: --- STARTUP TIME --- 1291002486.5146
2010-11-29T11:48:06+08:00 DEBUG: MyApp::_initConfig
2010-11-29T11:48:06+08:00 DEBUG: session_start()
2010-11-29T11:48:06+08:00 DEBUG: session_id: gakds7iq2g20ps8d7ou539ccb2
2010-11-29T11:48:06+08:00 DEBUG: REQUEST UDI: default::default/index@default
2010-11-29T11:48:06+08:00 DEBUG: EXECUTE ACTION: Controller_Default::actionindex()
2010-11-29T11:48:06+08:00 DEBUG: QDB_ActiveRecord_Association_Abstract::__construct(notes)
2010-11-29T11:48:06+08:00 DEBUG: --- SHUTDOWN TIME --- 1291002486.5406 (0.025981187820435)sec
2010-11-29T11:50:26+08:00 DEBUG: --- STARTUP TIME --- 1291002626.0255
2010-11-29T11:50:26+08:00 DEBUG: MyApp::_initConfig
2010-11-29T11:50:26+08:00 DEBUG: session_start()
2010-11-29T11:50:26+08:00 DEBUG: session_id: gakds7iq2g20ps8d7ou539ccb2
2010-11-29T11:50:26+08:00 DEBUG: REQUEST UDI: default::default/index@default
2010-11-29T11:50:26+08:00 DEBUG: EXECUTE ACTION: Controller_Default::actionindex()
2010-11-29T11:50:26+08:00 DEBUG: QDB_ActiveRecord_Association_Abstract::__construct(notes)
2010-11-29T11:50:26+08:00 DEBUG: --- SHUTDOWN TIME --- 1291002626.089 (0.06348991394043)sec
2010-11-29T11:52:05+08:00 DEBUG: --- STARTUP TIME --- 1291002725.4326
2010-11-29T11:52:05+08:00 DEBUG: MyApp::_initConfig
2010-11-29T11:52:05+08:00 DEBUG: session_start()
2010-11-29T11:52:05+08:00 DEBUG: session_id: gakds7iq2g20ps8d7ou539ccb2
2010-11-29T11:52:05+08:00 DEBUG: REQUEST UDI: default::default/index@default
2010-11-29T11:52:05+08:00 DEBUG: EXECUTE ACTION: Controller_Default::actionindex()
2010-11-29T11:52:05+08:00 DEBUG: QDB_ActiveRecord_Association_Abstract::__construct(notes)
2010-11-29T11:52:05+08:00 DEBUG: --- SHUTDOWN TIME --- 1291002725.4873 (0.054733991622925)sec
2010-11-29T11:52:15+08:00 DEBUG: --- STARTUP TIME --- 1291002735.4053
2010-11-29T11:52:15+08:00 DEBUG: MyApp::_initConfig
2010-11-29T11:52:15+08:00 DEBUG: session_start()
2010-11-29T11:52:15+08:00 DEBUG: session_id: gakds7iq2g20ps8d7ou539ccb2
2010-11-29T11:52:15+08:00 DEBUG: REQUEST UDI: default::default/index@default
2010-11-29T11:52:15+08:00 DEBUG: EXECUTE ACTION: Controller_Default::actionindex()
2010-11-29T11:52:15+08:00 DEBUG: QDB_ActiveRecord_Association_Abstract::__construct(notes)
2010-11-29T11:52:15+08:00 DEBUG: --- SHUTDOWN TIME --- 1291002735.4555 (0.050210952758789)sec
2010-11-29T11:52:25+08:00 DEBUG: --- STARTUP TIME --- 1291002745.1985
2010-11-29T11:52:25+08:00 DEBUG: MyApp::_initConfig
2010-11-29T11:52:25+08:00 DEBUG: session_start()
2010-11-29T11:52:25+08:00 DEBUG: session_id: gakds7iq2g20ps8d7ou539ccb2
2010-11-29T11:52:25+08:00 DEBUG: REQUEST UDI: default::default/index@default
2010-11-29T11:52:25+08:00 DEBUG: EXECUTE ACTION: Controller_Default::actionindex()
2010-11-29T11:52:25+08:00 DEBUG: QDB_ActiveRecord_Association_Abstract::__construct(notes)
2010-11-29T11:52:25+08:00 DEBUG: --- SHUTDOWN TIME --- 1291002745.2527 (0.054204940795898)sec
2010-11-29T11:53:57+08:00 DEBUG: --- STARTUP TIME --- 1291002837.9325
2010-11-29T11:53:57+08:00 DEBUG: MyApp::_initConfig
2010-11-29T11:53:57+08:00 DEBUG: session_start()
2010-11-29T11:53:57+08:00 DEBUG: session_id: gakds7iq2g20ps8d7ou539ccb2
2010-11-29T11:53:57+08:00 DEBUG: REQUEST UDI: default::default/index@default
2010-11-29T11:53:57+08:00 DEBUG: EXECUTE ACTION: Controller_Default::actionindex()
2010-11-29T11:53:57+08:00 DEBUG: QDB_ActiveRecord_Association_Abstract::__construct(notes)
2010-11-29T11:53:57+08:00 DEBUG: --- SHUTDOWN TIME --- 1291002837.9976 (0.065020084381104)sec
2010-11-29T11:57:37+08:00 DEBUG: --- STARTUP TIME --- 1291003057.8784
2010-11-29T11:57:37+08:00 DEBUG: MyApp::_initConfig
2010-11-29T11:57:37+08:00 DEBUG: session_start()
2010-11-29T11:57:37+08:00 DEBUG: session_id: gakds7iq2g20ps8d7ou539ccb2
2010-11-29T11:57:37+08:00 DEBUG: REQUEST UDI: default::default/index@default
2010-11-29T11:57:37+08:00 DEBUG: EXECUTE ACTION: Controller_Default::actionindex()
2010-11-29T11:57:37+08:00 DEBUG: QDB_ActiveRecord_Association_Abstract::__construct(notes)
2010-11-29T11:57:37+08:00 DEBUG: --- SHUTDOWN TIME --- 1291003057.9461 (0.067706108093262)sec
2010-11-29T11:57:54+08:00 DEBUG: --- STARTUP TIME --- 1291003074.393
2010-11-29T11:57:54+08:00 DEBUG: MyApp::_initConfig
2010-11-29T11:57:54+08:00 DEBUG: session_start()
2010-11-29T11:57:54+08:00 DEBUG: session_id: gakds7iq2g20ps8d7ou539ccb2
2010-11-29T11:57:54+08:00 DEBUG: REQUEST UDI: default::default/index@default
2010-11-29T11:57:54+08:00 DEBUG: EXECUTE ACTION: Controller_Default::actionindex()
2010-11-29T11:57:54+08:00 DEBUG: QDB_ActiveRecord_Association_Abstract::__construct(notes)
2010-11-29T11:57:54+08:00 DEBUG: --- SHUTDOWN TIME --- 1291003074.486 (0.092967987060547)sec
2010-11-29T11:59:01+08:00 DEBUG: --- STARTUP TIME --- 1291003141.2654
2010-11-29T11:59:01+08:00 DEBUG: MyApp::_initConfig
2010-11-29T11:59:01+08:00 DEBUG: session_start()
2010-11-29T11:59:01+08:00 DEBUG: session_id: gakds7iq2g20ps8d7ou539ccb2
2010-11-29T11:59:01+08:00 DEBUG: REQUEST UDI: default::default/index@default
2010-11-29T11:59:01+08:00 DEBUG: EXECUTE ACTION: Controller_Default::actionindex()
2010-11-29T11:59:01+08:00 DEBUG: QDB_ActiveRecord_Association_Abstract::__construct(notes)
2010-11-29T11:59:01+08:00 DEBUG: --- SHUTDOWN TIME --- 1291003141.3293 (0.063875913619995)sec
2010-11-29T11:59:09+08:00 DEBUG: --- STARTUP TIME --- 1291003149.3553
2010-11-29T11:59:09+08:00 DEBUG: MyApp::_initConfig
2010-11-29T11:59:09+08:00 DEBUG: session_start()
2010-11-29T11:59:09+08:00 DEBUG: session_id: gakds7iq2g20ps8d7ou539ccb2
2010-11-29T11:59:09+08:00 DEBUG: REQUEST UDI: default::default/index@default
2010-11-29T11:59:09+08:00 DEBUG: EXECUTE ACTION: Controller_Default::actionindex()
2010-11-29T11:59:09+08:00 DEBUG: QDB_ActiveRecord_Association_Abstract::__construct(notes)
2010-11-29T11:59:09+08:00 DEBUG: --- SHUTDOWN TIME --- 1291003149.4408 (0.085513114929199)sec
2010-11-29T11:59:20+08:00 DEBUG: --- STARTUP TIME --- 1291003160.2796
2010-11-29T11:59:20+08:00 DEBUG: MyApp::_initConfig
2010-11-29T11:59:20+08:00 DEBUG: session_start()
2010-11-29T11:59:20+08:00 DEBUG: session_id: gakds7iq2g20ps8d7ou539ccb2
2010-11-29T11:59:20+08:00 DEBUG: REQUEST UDI: default::default/index@default
2010-11-29T11:59:20+08:00 DEBUG: EXECUTE ACTION: Controller_Default::actionindex()
2010-11-29T11:59:20+08:00 DEBUG: QDB_ActiveRecord_Association_Abstract::__construct(notes)
2010-11-29T11:59:20+08:00 DEBUG: --- SHUTDOWN TIME --- 1291003160.3876 (0.1080219745636)sec
2010-11-29T11:59:20+08:00 DEBUG: --- STARTUP TIME --- 1291003160.3567
2010-11-29T11:59:20+08:00 DEBUG: MyApp::_initConfig
2010-11-29T11:59:20+08:00 DEBUG: session_start()
2010-11-29T11:59:20+08:00 DEBUG: session_id: gakds7iq2g20ps8d7ou539ccb2
2010-11-29T11:59:20+08:00 DEBUG: REQUEST UDI: default::default/index@default
2010-11-29T11:59:20+08:00 DEBUG: EXECUTE ACTION: Controller_Default::actionindex()
2010-11-29T11:59:20+08:00 DEBUG: QDB_ActiveRecord_Association_Abstract::__construct(notes)
2010-11-29T11:59:20+08:00 DEBUG: --- SHUTDOWN TIME --- 1291003160.4612 (0.1044979095459)sec
2010-11-29T11:59:32+08:00 DEBUG: --- STARTUP TIME --- 1291003172.1208
2010-11-29T11:59:32+08:00 DEBUG: MyApp::_initConfig
2010-11-29T11:59:32+08:00 DEBUG: session_start()
2010-11-29T11:59:32+08:00 DEBUG: session_id: gakds7iq2g20ps8d7ou539ccb2
2010-11-29T11:59:32+08:00 DEBUG: REQUEST UDI: default::default/index@default
2010-11-29T11:59:32+08:00 DEBUG: EXECUTE ACTION: Controller_Default::actionindex()
2010-11-29T11:59:32+08:00 DEBUG: QDB_ActiveRecord_Association_Abstract::__construct(notes)
2010-11-29T11:59:32+08:00 DEBUG: --- SHUTDOWN TIME --- 1291003172.2204 (0.099642038345337)sec
2010-11-29T11:59:46+08:00 DEBUG: --- STARTUP TIME --- 1291003186.2997
2010-11-29T11:59:46+08:00 DEBUG: MyApp::_initConfig
2010-11-29T11:59:46+08:00 DEBUG: session_start()
2010-11-29T11:59:46+08:00 DEBUG: session_id: gakds7iq2g20ps8d7ou539ccb2
2010-11-29T11:59:46+08:00 DEBUG: REQUEST UDI: default::default/index@default
2010-11-29T11:59:46+08:00 DEBUG: EXECUTE ACTION: Controller_Default::actionindex()
2010-11-29T11:59:46+08:00 DEBUG: QDB_ActiveRecord_Association_Abstract::__construct(notes)
2010-11-29T11:59:46+08:00 DEBUG: --- SHUTDOWN TIME --- 1291003186.3626 (0.062934875488281)sec
2010-11-29T12:00:21+08:00 DEBUG: --- STARTUP TIME --- 1291003221.926
2010-11-29T12:00:21+08:00 DEBUG: MyApp::_initConfig
2010-11-29T12:00:21+08:00 DEBUG: session_start()
2010-11-29T12:00:21+08:00 DEBUG: session_id: gakds7iq2g20ps8d7ou539ccb2
2010-11-29T12:00:21+08:00 DEBUG: REQUEST UDI: default::default/index@default
2010-11-29T12:00:21+08:00 DEBUG: EXECUTE ACTION: Controller_Default::actionindex()
2010-11-29T12:00:21+08:00 DEBUG: QDB_ActiveRecord_Association_Abstract::__construct(notes)
2010-11-29T12:00:22+08:00 DEBUG: --- SHUTDOWN TIME --- 1291003222.0408 (0.1148099899292)sec
2010-11-29T12:00:45+08:00 DEBUG: --- STARTUP TIME --- 1291003245.6341
2010-11-29T12:00:45+08:00 DEBUG: MyApp::_initConfig
2010-11-29T12:00:45+08:00 DEBUG: session_start()
2010-11-29T12:00:45+08:00 DEBUG: session_id: gakds7iq2g20ps8d7ou539ccb2
2010-11-29T12:00:45+08:00 DEBUG: REQUEST UDI: default::default/index@default
2010-11-29T12:00:45+08:00 DEBUG: EXECUTE ACTION: Controller_Default::actionindex()
2010-11-29T12:00:45+08:00 DEBUG: QDB_ActiveRecord_Association_Abstract::__construct(notes)
2010-11-29T12:00:45+08:00 DEBUG: --- SHUTDOWN TIME --- 1291003245.7015 (0.067384004592896)sec
2010-11-29T12:01:12+08:00 DEBUG: --- STARTUP TIME --- 1291003272.7407
2010-11-29T12:01:12+08:00 DEBUG: MyApp::_initConfig
2010-11-29T12:01:12+08:00 DEBUG: session_start()
2010-11-29T12:01:12+08:00 DEBUG: session_id: gakds7iq2g20ps8d7ou539ccb2
2010-11-29T12:01:12+08:00 DEBUG: REQUEST UDI: default::default/index@default
2010-11-29T12:01:12+08:00 DEBUG: EXECUTE ACTION: Controller_Default::actionindex()
2010-11-29T12:01:12+08:00 DEBUG: QDB_ActiveRecord_Association_Abstract::__construct(notes)
2010-11-29T12:01:12+08:00 DEBUG: --- SHUTDOWN TIME --- 1291003272.817 (0.076281070709229)sec
2010-11-29T12:01:39+08:00 DEBUG: --- STARTUP TIME --- 1291003299.4194
2010-11-29T12:01:39+08:00 DEBUG: MyApp::_initConfig
2010-11-29T12:01:39+08:00 DEBUG: session_start()
2010-11-29T12:01:39+08:00 DEBUG: session_id: gakds7iq2g20ps8d7ou539ccb2
2010-11-29T12:01:39+08:00 DEBUG: REQUEST UDI: default::default/index@default
2010-11-29T12:01:39+08:00 DEBUG: EXECUTE ACTION: Controller_Default::actionindex()
2010-11-29T12:01:39+08:00 DEBUG: QDB_ActiveRecord_Association_Abstract::__construct(notes)
2010-11-29T12:01:39+08:00 DEBUG: --- SHUTDOWN TIME --- 1291003299.4826 (0.063199043273926)sec
2010-11-29T12:01:55+08:00 DEBUG: --- STARTUP TIME --- 1291003315.8954
2010-11-29T12:01:55+08:00 DEBUG: MyApp::_initConfig
2010-11-29T12:01:55+08:00 DEBUG: session_start()
2010-11-29T12:01:55+08:00 DEBUG: session_id: gakds7iq2g20ps8d7ou539ccb2
2010-11-29T12:01:55+08:00 DEBUG: REQUEST UDI: default::default/index@default
2010-11-29T12:01:55+08:00 DEBUG: EXECUTE ACTION: Controller_Default::actionindex()
2010-11-29T12:01:55+08:00 DEBUG: QDB_ActiveRecord_Association_Abstract::__construct(notes)
2010-11-29T12:01:55+08:00 DEBUG: --- SHUTDOWN TIME --- 1291003315.9462 (0.050781965255737)sec
2010-11-29T12:01:58+08:00 DEBUG: --- STARTUP TIME --- 1291003318.1462
2010-11-29T12:01:58+08:00 DEBUG: MyApp::_initConfig
2010-11-29T12:01:58+08:00 DEBUG: session_start()
2010-11-29T12:01:58+08:00 DEBUG: session_id: gakds7iq2g20ps8d7ou539ccb2
2010-11-29T12:01:58+08:00 DEBUG: REQUEST UDI: default::default/index@default
2010-11-29T12:01:58+08:00 DEBUG: EXECUTE ACTION: Controller_Default::actionindex()
2010-11-29T12:01:58+08:00 DEBUG: QDB_ActiveRecord_Association_Abstract::__construct(notes)
2010-11-29T12:01:58+08:00 DEBUG: --- SHUTDOWN TIME --- 1291003318.1856 (0.039425849914551)sec
2010-11-29T12:02:01+08:00 DEBUG: --- STARTUP TIME --- 1291003321.7975
2010-11-29T12:02:01+08:00 DEBUG: MyApp::_initConfig
2010-11-29T12:02:01+08:00 DEBUG: session_start()
2010-11-29T12:02:01+08:00 DEBUG: session_id: gakds7iq2g20ps8d7ou539ccb2
2010-11-29T12:02:01+08:00 DEBUG: REQUEST UDI: default::default/index@default
2010-11-29T12:02:01+08:00 DEBUG: EXECUTE ACTION: Controller_Default::actionindex()
2010-11-29T12:02:01+08:00 DEBUG: QDB_ActiveRecord_Association_Abstract::__construct(notes)
2010-11-29T12:02:01+08:00 DEBUG: --- SHUTDOWN TIME --- 1291003321.8178 (0.020313024520874)sec
2010-11-29T12:02:20+08:00 DEBUG: --- STARTUP TIME --- 1291003340.688
2010-11-29T12:02:20+08:00 DEBUG: MyApp::_initConfig
2010-11-29T12:02:20+08:00 DEBUG: session_start()
2010-11-29T12:02:20+08:00 DEBUG: session_id: gakds7iq2g20ps8d7ou539ccb2
2010-11-29T12:02:20+08:00 DEBUG: REQUEST UDI: default::default/index@default
2010-11-29T12:02:20+08:00 DEBUG: EXECUTE ACTION: Controller_Default::actionindex()
2010-11-29T12:02:20+08:00 DEBUG: QDB_ActiveRecord_Association_Abstract::__construct(notes)
2010-11-29T12:02:20+08:00 DEBUG: --- SHUTDOWN TIME --- 1291003340.8493 (0.16129779815674)sec
2010-11-29T12:02:32+08:00 DEBUG: --- STARTUP TIME --- 1291003352.5437
2010-11-29T12:02:32+08:00 DEBUG: MyApp::_initConfig
2010-11-29T12:02:32+08:00 DEBUG: session_start()
2010-11-29T12:02:32+08:00 DEBUG: session_id: gakds7iq2g20ps8d7ou539ccb2
2010-11-29T12:02:32+08:00 DEBUG: REQUEST UDI: default::default/index@default
2010-11-29T12:02:32+08:00 DEBUG: EXECUTE ACTION: Controller_Default::actionindex()
2010-11-29T12:02:32+08:00 DEBUG: QDB_ActiveRecord_Association_Abstract::__construct(notes)
2010-11-29T12:02:32+08:00 DEBUG: --- SHUTDOWN TIME --- 1291003352.6257 (0.082090854644775)sec
2010-11-29T12:02:43+08:00 DEBUG: --- STARTUP TIME --- 1291003363.7281
2010-11-29T12:02:43+08:00 DEBUG: MyApp::_initConfig
2010-11-29T12:02:43+08:00 DEBUG: session_start()
2010-11-29T12:02:43+08:00 DEBUG: session_id: gakds7iq2g20ps8d7ou539ccb2
2010-11-29T12:02:43+08:00 DEBUG: REQUEST UDI: default::default/index@default
2010-11-29T12:02:43+08:00 DEBUG: EXECUTE ACTION: Controller_Default::actionindex()
2010-11-29T12:02:43+08:00 DEBUG: QDB_ActiveRecord_Association_Abstract::__construct(notes)
2010-11-29T12:02:43+08:00 DEBUG: --- SHUTDOWN TIME --- 1291003363.8632 (0.13516998291016)sec
2010-11-29T12:02:45+08:00 DEBUG: --- STARTUP TIME --- 1291003365.2185
2010-11-29T12:02:45+08:00 DEBUG: MyApp::_initConfig
2010-11-29T12:02:45+08:00 DEBUG: session_start()
2010-11-29T12:02:45+08:00 DEBUG: session_id: gakds7iq2g20ps8d7ou539ccb2
2010-11-29T12:02:45+08:00 DEBUG: REQUEST UDI: default::default/index@default
2010-11-29T12:02:45+08:00 DEBUG: EXECUTE ACTION: Controller_Default::actionindex()
2010-11-29T12:02:45+08:00 DEBUG: QDB_ActiveRecord_Association_Abstract::__construct(notes)
2010-11-29T12:02:45+08:00 DEBUG: --- SHUTDOWN TIME --- 1291003365.2457 (0.027228116989136)sec
2010-11-29T12:04:20+08:00 DEBUG: --- STARTUP TIME --- 1291003460.3457
2010-11-29T12:04:20+08:00 DEBUG: MyApp::_initConfig
2010-11-29T12:04:20+08:00 DEBUG: session_start()
2010-11-29T12:04:20+08:00 DEBUG: session_id: gakds7iq2g20ps8d7ou539ccb2
2010-11-29T12:04:20+08:00 DEBUG: REQUEST UDI: default::default/index@default
2010-11-29T12:04:20+08:00 DEBUG: EXECUTE ACTION: Controller_Default::actionindex()
2010-11-29T12:04:20+08:00 DEBUG: QDB_ActiveRecord_Association_Abstract::__construct(notes)
2010-11-29T12:04:20+08:00 DEBUG: --- SHUTDOWN TIME --- 1291003460.4732 (0.12744188308716)sec
2010-11-29T12:04:23+08:00 DEBUG: --- STARTUP TIME --- 1291003463.4276
2010-11-29T12:04:23+08:00 DEBUG: MyApp::_initConfig
2010-11-29T12:04:23+08:00 DEBUG: session_start()
2010-11-29T12:04:23+08:00 DEBUG: session_id: gakds7iq2g20ps8d7ou539ccb2
2010-11-29T12:04:23+08:00 DEBUG: REQUEST UDI: default::default/index@default
2010-11-29T12:04:23+08:00 DEBUG: EXECUTE ACTION: Controller_Default::actionindex()
2010-11-29T12:04:23+08:00 DEBUG: QDB_ActiveRecord_Association_Abstract::__construct(notes)
2010-11-29T12:04:23+08:00 DEBUG: --- SHUTDOWN TIME --- 1291003463.5022 (0.074569940567017)sec
2010-11-29T12:04:25+08:00 DEBUG: --- STARTUP TIME --- 1291003465.1787
2010-11-29T12:04:25+08:00 DEBUG: MyApp::_initConfig
2010-11-29T12:04:25+08:00 DEBUG: session_start()
2010-11-29T12:04:25+08:00 DEBUG: session_id: gakds7iq2g20ps8d7ou539ccb2
2010-11-29T12:04:25+08:00 DEBUG: REQUEST UDI: default::default/index@default
2010-11-29T12:04:25+08:00 DEBUG: EXECUTE ACTION: Controller_Default::actionindex()
2010-11-29T12:04:25+08:00 DEBUG: QDB_ActiveRecord_Association_Abstract::__construct(notes)
2010-11-29T12:04:25+08:00 DEBUG: --- SHUTDOWN TIME --- 1291003465.2045 (0.025866985321045)sec
2010-11-29T12:04:27+08:00 DEBUG: --- STARTUP TIME --- 1291003467.3984
2010-11-29T12:04:27+08:00 DEBUG: MyApp::_initConfig
2010-11-29T12:04:27+08:00 DEBUG: session_start()
2010-11-29T12:04:27+08:00 DEBUG: session_id: gakds7iq2g20ps8d7ou539ccb2
2010-11-29T12:04:27+08:00 DEBUG: REQUEST UDI: default::default/index@default
2010-11-29T12:04:27+08:00 DEBUG: EXECUTE ACTION: Controller_Default::actionindex()
2010-11-29T12:04:27+08:00 DEBUG: QDB_ActiveRecord_Association_Abstract::__construct(notes)
2010-11-29T12:04:27+08:00 DEBUG: --- SHUTDOWN TIME --- 1291003467.4188 (0.020347833633423)sec
2010-11-29T12:04:28+08:00 DEBUG: --- STARTUP TIME --- 1291003468.3782
2010-11-29T12:04:28+08:00 DEBUG: MyApp::_initConfig
2010-11-29T12:04:28+08:00 DEBUG: session_start()
2010-11-29T12:04:28+08:00 DEBUG: session_id: gakds7iq2g20ps8d7ou539ccb2
2010-11-29T12:04:28+08:00 DEBUG: REQUEST UDI: default::default/index@default
2010-11-29T12:04:28+08:00 DEBUG: EXECUTE ACTION: Controller_Default::actionindex()
2010-11-29T12:04:28+08:00 DEBUG: QDB_ActiveRecord_Association_Abstract::__construct(notes)
2010-11-29T12:04:28+08:00 DEBUG: --- SHUTDOWN TIME --- 1291003468.4094 (0.031182050704956)sec
2010-11-29T12:04:30+08:00 DEBUG: --- STARTUP TIME --- 1291003470.4265
2010-11-29T12:04:30+08:00 DEBUG: MyApp::_initConfig
2010-11-29T12:04:30+08:00 DEBUG: session_start()
2010-11-29T12:04:30+08:00 DEBUG: session_id: gakds7iq2g20ps8d7ou539ccb2
2010-11-29T12:04:30+08:00 DEBUG: REQUEST UDI: default::default/index@default
2010-11-29T12:04:30+08:00 DEBUG: EXECUTE ACTION: Controller_Default::actionindex()
2010-11-29T12:04:30+08:00 DEBUG: QDB_ActiveRecord_Association_Abstract::__construct(notes)
2010-11-29T12:04:30+08:00 DEBUG: --- SHUTDOWN TIME --- 1291003470.5291 (0.10258197784424)sec
2010-11-29T12:04:43+08:00 DEBUG: --- STARTUP TIME --- 1291003483.4415
2010-11-29T12:04:43+08:00 DEBUG: MyApp::_initConfig
2010-11-29T12:04:43+08:00 DEBUG: session_start()
2010-11-29T12:04:43+08:00 DEBUG: session_id: gakds7iq2g20ps8d7ou539ccb2
2010-11-29T12:04:43+08:00 DEBUG: REQUEST UDI: default::default/index@default
2010-11-29T12:04:43+08:00 DEBUG: EXECUTE ACTION: Controller_Default::actionindex()
2010-11-29T12:04:43+08:00 DEBUG: QDB_ActiveRecord_Association_Abstract::__construct(notes)
2010-11-29T12:04:43+08:00 DEBUG: --- SHUTDOWN TIME --- 1291003483.5088 (0.067306995391846)sec
2010-11-29T12:07:59+08:00 DEBUG: --- STARTUP TIME --- 1291003679.7699
2010-11-29T12:07:59+08:00 DEBUG: MyApp::_initConfig
2010-11-29T12:07:59+08:00 DEBUG: session_start()
2010-11-29T12:07:59+08:00 DEBUG: session_id: gakds7iq2g20ps8d7ou539ccb2
2010-11-29T12:07:59+08:00 DEBUG: REQUEST UDI: default::default/index@default
2010-11-29T12:07:59+08:00 DEBUG: EXECUTE ACTION: Controller_Default::actionindex()
2010-11-29T12:07:59+08:00 DEBUG: QDB_ActiveRecord_Association_Abstract::__construct(notes)
2010-11-29T12:07:59+08:00 DEBUG: --- SHUTDOWN TIME --- 1291003679.8376 (0.067718982696533)sec
2010-11-29T12:08:01+08:00 DEBUG: --- STARTUP TIME --- 1291003681.6343
2010-11-29T12:08:01+08:00 DEBUG: MyApp::_initConfig
2010-11-29T12:08:01+08:00 DEBUG: session_start()
2010-11-29T12:08:01+08:00 DEBUG: session_id: gakds7iq2g20ps8d7ou539ccb2
2010-11-29T12:08:01+08:00 DEBUG: REQUEST UDI: default::default/index@default
2010-11-29T12:08:01+08:00 DEBUG: EXECUTE ACTION: Controller_Default::actionindex()
2010-11-29T12:08:01+08:00 DEBUG: QDB_ActiveRecord_Association_Abstract::__construct(notes)
2010-11-29T12:08:01+08:00 DEBUG: --- SHUTDOWN TIME --- 1291003681.6904 (0.056036949157715)sec
2010-11-29T12:08:04+08:00 DEBUG: --- STARTUP TIME --- 1291003684.3948
2010-11-29T12:08:04+08:00 DEBUG: MyApp::_initConfig
2010-11-29T12:08:04+08:00 DEBUG: session_start()
2010-11-29T12:08:04+08:00 DEBUG: session_id: gakds7iq2g20ps8d7ou539ccb2
2010-11-29T12:08:04+08:00 DEBUG: REQUEST UDI: default::default/index@default
2010-11-29T12:08:04+08:00 DEBUG: EXECUTE ACTION: Controller_Default::actionindex()
2010-11-29T12:08:04+08:00 DEBUG: QDB_ActiveRecord_Association_Abstract::__construct(notes)
2010-11-29T12:08:04+08:00 DEBUG: --- SHUTDOWN TIME --- 1291003684.4201 (0.025370836257935)sec
2010-11-29T12:08:26+08:00 DEBUG: --- STARTUP TIME --- 1291003706.6348
2010-11-29T12:08:26+08:00 DEBUG: MyApp::_initConfig
2010-11-29T12:08:26+08:00 DEBUG: session_start()
2010-11-29T12:08:26+08:00 DEBUG: session_id: gakds7iq2g20ps8d7ou539ccb2
2010-11-29T12:08:26+08:00 DEBUG: REQUEST UDI: default::default/index@default
2010-11-29T12:08:26+08:00 DEBUG: EXECUTE ACTION: Controller_Default::actionindex()
2010-11-29T12:08:26+08:00 DEBUG: QDB_ActiveRecord_Association_Abstract::__construct(notes)
2010-11-29T12:08:26+08:00 DEBUG: --- SHUTDOWN TIME --- 1291003706.6907 (0.05588698387146)sec
2010-11-29T12:08:33+08:00 DEBUG: --- STARTUP TIME --- 1291003713.0699
2010-11-29T12:08:33+08:00 DEBUG: MyApp::_initConfig
2010-11-29T12:08:33+08:00 DEBUG: session_start()
2010-11-29T12:08:33+08:00 DEBUG: session_id: gakds7iq2g20ps8d7ou539ccb2
2010-11-29T12:08:33+08:00 DEBUG: REQUEST UDI: default::default/index@default
2010-11-29T12:08:33+08:00 DEBUG: EXECUTE ACTION: Controller_Default::actionindex()
2010-11-29T12:08:33+08:00 DEBUG: QDB_ActiveRecord_Association_Abstract::__construct(notes)
2010-11-29T12:08:33+08:00 DEBUG: --- SHUTDOWN TIME --- 1291003713.1255 (0.055598974227905)sec
2010-11-29T12:08:41+08:00 DEBUG: --- STARTUP TIME --- 1291003721.1757
2010-11-29T12:08:41+08:00 DEBUG: MyApp::_initConfig
2010-11-29T12:08:41+08:00 DEBUG: session_start()
2010-11-29T12:08:41+08:00 DEBUG: session_id: gakds7iq2g20ps8d7ou539ccb2
2010-11-29T12:08:41+08:00 DEBUG: REQUEST UDI: default::default/index@default
2010-11-29T12:08:41+08:00 DEBUG: EXECUTE ACTION: Controller_Default::actionindex()
2010-11-29T12:08:41+08:00 DEBUG: QDB_ActiveRecord_Association_Abstract::__construct(notes)
2010-11-29T12:08:41+08:00 DEBUG: --- SHUTDOWN TIME --- 1291003721.2309 (0.055175065994263)sec
2010-11-29T12:09:16+08:00 DEBUG: --- STARTUP TIME --- 1291003756.6154
2010-11-29T12:09:16+08:00 DEBUG: MyApp::_initConfig
2010-11-29T12:09:16+08:00 DEBUG: session_start()
2010-11-29T12:09:16+08:00 DEBUG: session_id: gakds7iq2g20ps8d7ou539ccb2
2010-11-29T12:09:16+08:00 DEBUG: REQUEST UDI: default::default/index@default
2010-11-29T12:09:16+08:00 DEBUG: EXECUTE ACTION: Controller_Default::actionindex()
2010-11-29T12:09:16+08:00 DEBUG: QDB_ActiveRecord_Association_Abstract::__construct(notes)
2010-11-29T12:09:16+08:00 DEBUG: --- SHUTDOWN TIME --- 1291003756.6779 (0.062433958053589)sec
2010-11-29T12:09:18+08:00 DEBUG: --- STARTUP TIME --- 1291003758.2597
2010-11-29T12:09:18+08:00 DEBUG: MyApp::_initConfig
2010-11-29T12:09:18+08:00 DEBUG: session_start()
2010-11-29T12:09:18+08:00 DEBUG: session_id: gakds7iq2g20ps8d7ou539ccb2
2010-11-29T12:09:18+08:00 DEBUG: REQUEST UDI: default::default/index@default
2010-11-29T12:09:18+08:00 DEBUG: EXECUTE ACTION: Controller_Default::actionindex()
2010-11-29T12:09:18+08:00 DEBUG: QDB_ActiveRecord_Association_Abstract::__construct(notes)
2010-11-29T12:09:18+08:00 DEBUG: --- SHUTDOWN TIME --- 1291003758.2979 (0.038226127624512)sec
2010-11-29T12:09:20+08:00 DEBUG: --- STARTUP TIME --- 1291003760.1299
2010-11-29T12:09:20+08:00 DEBUG: MyApp::_initConfig
2010-11-29T12:09:20+08:00 DEBUG: session_start()
2010-11-29T12:09:20+08:00 DEBUG: session_id: gakds7iq2g20ps8d7ou539ccb2
2010-11-29T12:09:20+08:00 DEBUG: REQUEST UDI: default::default/index@default
2010-11-29T12:09:20+08:00 DEBUG: EXECUTE ACTION: Controller_Default::actionindex()
2010-11-29T12:09:20+08:00 DEBUG: QDB_ActiveRecord_Association_Abstract::__construct(notes)
2010-11-29T12:09:20+08:00 DEBUG: --- SHUTDOWN TIME --- 1291003760.2217 (0.091856002807617)sec
2010-11-29T12:09:21+08:00 DEBUG: --- STARTUP TIME --- 1291003761.2587
2010-11-29T12:09:21+08:00 DEBUG: MyApp::_initConfig
2010-11-29T12:09:21+08:00 DEBUG: session_start()
2010-11-29T12:09:21+08:00 DEBUG: session_id: gakds7iq2g20ps8d7ou539ccb2
2010-11-29T12:09:21+08:00 DEBUG: REQUEST UDI: default::default/index@default
2010-11-29T12:09:21+08:00 DEBUG: EXECUTE ACTION: Controller_Default::actionindex()
2010-11-29T12:09:21+08:00 DEBUG: QDB_ActiveRecord_Association_Abstract::__construct(notes)
2010-11-29T12:09:21+08:00 DEBUG: --- SHUTDOWN TIME --- 1291003761.2835 (0.024742841720581)sec
2010-11-29T12:09:26+08:00 DEBUG: --- STARTUP TIME --- 1291003766.9158
2010-11-29T12:09:26+08:00 DEBUG: MyApp::_initConfig
2010-11-29T12:09:26+08:00 DEBUG: session_start()
2010-11-29T12:09:26+08:00 DEBUG: session_id: gakds7iq2g20ps8d7ou539ccb2
2010-11-29T12:09:26+08:00 DEBUG: REQUEST UDI: default::default/index@default
2010-11-29T12:09:26+08:00 DEBUG: EXECUTE ACTION: Controller_Default::actionindex()
2010-11-29T12:09:26+08:00 DEBUG: QDB_ActiveRecord_Association_Abstract::__construct(notes)
2010-11-29T12:09:26+08:00 DEBUG: --- SHUTDOWN TIME --- 1291003766.9942 (0.078393936157227)sec
2010-11-29T12:10:15+08:00 DEBUG: --- STARTUP TIME --- 1291003815.4363
2010-11-29T12:10:15+08:00 DEBUG: MyApp::_initConfig
2010-11-29T12:10:15+08:00 DEBUG: session_start()
2010-11-29T12:10:15+08:00 DEBUG: session_id: gakds7iq2g20ps8d7ou539ccb2
2010-11-29T12:10:15+08:00 DEBUG: REQUEST UDI: default::default/index@default
2010-11-29T12:10:15+08:00 DEBUG: EXECUTE ACTION: Controller_Default::actionindex()
2010-11-29T12:10:15+08:00 DEBUG: QDB_ActiveRecord_Association_Abstract::__construct(notes)
2010-11-29T12:10:15+08:00 DEBUG: --- SHUTDOWN TIME --- 1291003815.4955 (0.059256076812744)sec
2010-11-29T12:10:40+08:00 DEBUG: --- STARTUP TIME --- 1291003840.971
2010-11-29T12:10:40+08:00 DEBUG: MyApp::_initConfig
2010-11-29T12:10:40+08:00 DEBUG: session_start()
2010-11-29T12:10:40+08:00 DEBUG: session_id: gakds7iq2g20ps8d7ou539ccb2
2010-11-29T12:10:40+08:00 DEBUG: REQUEST UDI: default::default/index@default
2010-11-29T12:10:40+08:00 DEBUG: EXECUTE ACTION: Controller_Default::actionindex()
2010-11-29T12:10:41+08:00 DEBUG: QDB_ActiveRecord_Association_Abstract::__construct(notes)
2010-11-29T12:10:41+08:00 DEBUG: --- SHUTDOWN TIME --- 1291003841.0255 (0.054495811462402)sec
2010-11-29T12:10:53+08:00 DEBUG: --- STARTUP TIME --- 1291003853.5547
2010-11-29T12:10:53+08:00 DEBUG: MyApp::_initConfig
2010-11-29T12:10:53+08:00 DEBUG: session_start()
2010-11-29T12:10:53+08:00 DEBUG: session_id: gakds7iq2g20ps8d7ou539ccb2
2010-11-29T12:10:53+08:00 DEBUG: REQUEST UDI: default::default/index@default
2010-11-29T12:10:53+08:00 DEBUG: EXECUTE ACTION: Controller_Default::actionindex()
2010-11-29T12:10:53+08:00 DEBUG: QDB_ActiveRecord_Association_Abstract::__construct(notes)
2010-11-29T12:10:53+08:00 DEBUG: --- SHUTDOWN TIME --- 1291003853.6221 (0.067401170730591)sec
2010-11-29T12:11:05+08:00 DEBUG: --- STARTUP TIME --- 1291003865.8853
2010-11-29T12:11:05+08:00 DEBUG: MyApp::_initConfig
2010-11-29T12:11:05+08:00 DEBUG: session_start()
2010-11-29T12:11:05+08:00 DEBUG: session_id: gakds7iq2g20ps8d7ou539ccb2
2010-11-29T12:11:05+08:00 DEBUG: REQUEST UDI: default::default/index@default
2010-11-29T12:11:05+08:00 DEBUG: EXECUTE ACTION: Controller_Default::actionindex()
2010-11-29T12:11:05+08:00 DEBUG: QDB_ActiveRecord_Association_Abstract::__construct(notes)
2010-11-29T12:11:05+08:00 DEBUG: --- SHUTDOWN TIME --- 1291003865.9399 (0.054583072662354)sec
2010-11-29T12:11:17+08:00 DEBUG: --- STARTUP TIME --- 1291003877.9799
2010-11-29T12:11:17+08:00 DEBUG: MyApp::_initConfig
2010-11-29T12:11:17+08:00 DEBUG: session_start()
2010-11-29T12:11:17+08:00 DEBUG: session_id: gakds7iq2g20ps8d7ou539ccb2
2010-11-29T12:11:17+08:00 DEBUG: REQUEST UDI: default::default/index@default
2010-11-29T12:11:17+08:00 DEBUG: EXECUTE ACTION: Controller_Default::actionindex()
2010-11-29T12:11:18+08:00 DEBUG: QDB_ActiveRecord_Association_Abstract::__construct(notes)
2010-11-29T12:11:18+08:00 DEBUG: --- SHUTDOWN TIME --- 1291003878.0359 (0.056010961532593)sec
2010-11-29T12:11:31+08:00 DEBUG: --- STARTUP TIME --- 1291003891.189
2010-11-29T12:11:31+08:00 DEBUG: MyApp::_initConfig
2010-11-29T12:11:31+08:00 DEBUG: session_start()
2010-11-29T12:11:31+08:00 DEBUG: session_id: gakds7iq2g20ps8d7ou539ccb2
2010-11-29T12:11:31+08:00 DEBUG: REQUEST UDI: default::default/index@default
2010-11-29T12:11:31+08:00 DEBUG: EXECUTE ACTION: Controller_Default::actionindex()
2010-11-29T12:11:31+08:00 DEBUG: QDB_ActiveRecord_Association_Abstract::__construct(notes)
2010-11-29T12:11:31+08:00 DEBUG: --- SHUTDOWN TIME --- 1291003891.2445 (0.055423021316528)sec
2010-11-29T12:11:40+08:00 DEBUG: --- STARTUP TIME --- 1291003900.9018
2010-11-29T12:11:40+08:00 DEBUG: MyApp::_initConfig
2010-11-29T12:11:40+08:00 DEBUG: session_start()
2010-11-29T12:11:40+08:00 DEBUG: session_id: gakds7iq2g20ps8d7ou539ccb2
2010-11-29T12:11:40+08:00 DEBUG: REQUEST UDI: default::default/index@default
2010-11-29T12:11:40+08:00 DEBUG: EXECUTE ACTION: Controller_Default::actionindex()
2010-11-29T12:11:40+08:00 DEBUG: QDB_ActiveRecord_Association_Abstract::__construct(notes)
2010-11-29T12:11:40+08:00 DEBUG: --- SHUTDOWN TIME --- 1291003900.9294 (0.027636051177979)sec
2010-11-29T12:11:52+08:00 DEBUG: --- STARTUP TIME --- 1291003912.3615
2010-11-29T12:11:52+08:00 DEBUG: MyApp::_initConfig
2010-11-29T12:11:52+08:00 DEBUG: session_start()
2010-11-29T12:11:52+08:00 DEBUG: session_id: gakds7iq2g20ps8d7ou539ccb2
2010-11-29T12:11:52+08:00 DEBUG: REQUEST UDI: default::default/index@default
2010-11-29T12:11:52+08:00 DEBUG: EXECUTE ACTION: Controller_Default::actionindex()
2010-11-29T12:11:52+08:00 DEBUG: QDB_ActiveRecord_Association_Abstract::__construct(notes)
2010-11-29T12:11:52+08:00 DEBUG: --- SHUTDOWN TIME --- 1291003912.4257 (0.064184904098511)sec
2010-11-29T12:11:58+08:00 DEBUG: --- STARTUP TIME --- 1291003918.507
2010-11-29T12:11:58+08:00 DEBUG: MyApp::_initConfig
2010-11-29T12:11:58+08:00 DEBUG: session_start()
2010-11-29T12:11:58+08:00 DEBUG: session_id: gakds7iq2g20ps8d7ou539ccb2
2010-11-29T12:11:58+08:00 DEBUG: REQUEST UDI: default::default/index@default
2010-11-29T12:11:58+08:00 DEBUG: EXECUTE ACTION: Controller_Default::actionindex()
2010-11-29T12:11:58+08:00 DEBUG: QDB_ActiveRecord_Association_Abstract::__construct(notes)
2010-11-29T12:11:58+08:00 DEBUG: --- SHUTDOWN TIME --- 1291003918.5557 (0.048784971237183)sec
2010-11-29T12:12:13+08:00 DEBUG: --- STARTUP TIME --- 1291003933.4319
2010-11-29T12:12:13+08:00 DEBUG: MyApp::_initConfig
2010-11-29T12:12:13+08:00 DEBUG: session_start()
2010-11-29T12:12:13+08:00 DEBUG: session_id: gakds7iq2g20ps8d7ou539ccb2
2010-11-29T12:12:13+08:00 DEBUG: REQUEST UDI: default::default/index@default
2010-11-29T12:12:13+08:00 DEBUG: EXECUTE ACTION: Controller_Default::actionindex()
2010-11-29T12:12:13+08:00 DEBUG: QDB_ActiveRecord_Association_Abstract::__construct(notes)
2010-11-29T12:12:13+08:00 DEBUG: --- SHUTDOWN TIME --- 1291003933.4888 (0.056885004043579)sec
2010-11-29T12:12:17+08:00 DEBUG: --- STARTUP TIME --- 1291003937.1685
2010-11-29T12:12:17+08:00 DEBUG: MyApp::_initConfig
2010-11-29T12:12:17+08:00 DEBUG: session_start()
2010-11-29T12:12:17+08:00 DEBUG: session_id: gakds7iq2g20ps8d7ou539ccb2
2010-11-29T12:12:17+08:00 DEBUG: REQUEST UDI: default::default/index@default
2010-11-29T12:12:17+08:00 DEBUG: EXECUTE ACTION: Controller_Default::actionindex()
2010-11-29T12:12:17+08:00 DEBUG: QDB_ActiveRecord_Association_Abstract::__construct(notes)
2010-11-29T12:12:17+08:00 DEBUG: --- SHUTDOWN TIME --- 1291003937.2078 (0.039232015609741)sec
2010-11-29T12:13:05+08:00 DEBUG: --- STARTUP TIME --- 1291003985.3049
2010-11-29T12:13:05+08:00 DEBUG: MyApp::_initConfig
2010-11-29T12:13:05+08:00 DEBUG: session_start()
2010-11-29T12:13:05+08:00 DEBUG: session_id: gakds7iq2g20ps8d7ou539ccb2
2010-11-29T12:13:05+08:00 DEBUG: REQUEST UDI: default::default/index@default
2010-11-29T12:13:05+08:00 DEBUG: EXECUTE ACTION: Controller_Default::actionindex()
2010-11-29T12:13:05+08:00 DEBUG: QDB_ActiveRecord_Association_Abstract::__construct(notes)
2010-11-29T12:13:05+08:00 DEBUG: --- SHUTDOWN TIME --- 1291003985.3938 (0.08881402015686)sec
2010-11-29T12:13:13+08:00 DEBUG: --- STARTUP TIME --- 1291003993.8491
2010-11-29T12:13:13+08:00 DEBUG: MyApp::_initConfig
2010-11-29T12:13:13+08:00 DEBUG: session_start()
2010-11-29T12:13:13+08:00 DEBUG: session_id: gakds7iq2g20ps8d7ou539ccb2
2010-11-29T12:13:13+08:00 DEBUG: REQUEST UDI: default::default/index@default
2010-11-29T12:13:13+08:00 DEBUG: EXECUTE ACTION: Controller_Default::actionindex()
2010-11-29T12:13:13+08:00 DEBUG: QDB_ActiveRecord_Association_Abstract::__construct(notes)
2010-11-29T12:13:13+08:00 DEBUG: --- SHUTDOWN TIME --- 1291003993.8769 (0.027740955352783)sec
2010-11-29T12:13:57+08:00 DEBUG: --- STARTUP TIME --- 1291004037.4082
2010-11-29T12:13:57+08:00 DEBUG: MyApp::_initConfig
2010-11-29T12:13:57+08:00 DEBUG: session_start()
2010-11-29T12:13:57+08:00 DEBUG: session_id: gakds7iq2g20ps8d7ou539ccb2
2010-11-29T12:13:57+08:00 DEBUG: REQUEST UDI: default::default/index@default
2010-11-29T12:13:57+08:00 DEBUG: EXECUTE ACTION: Controller_Default::actionindex()
2010-11-29T12:13:57+08:00 DEBUG: QDB_ActiveRecord_Association_Abstract::__construct(notes)
2010-11-29T12:13:57+08:00 DEBUG: --- SHUTDOWN TIME --- 1291004037.4563 (0.048047780990601)sec
2010-11-29T12:14:08+08:00 DEBUG: --- STARTUP TIME --- 1291004048.4737
2010-11-29T12:14:08+08:00 DEBUG: MyApp::_initConfig
2010-11-29T12:14:08+08:00 DEBUG: session_start()
2010-11-29T12:14:08+08:00 DEBUG: session_id: gakds7iq2g20ps8d7ou539ccb2
2010-11-29T12:14:08+08:00 DEBUG: REQUEST UDI: default::default/index@default
2010-11-29T12:14:08+08:00 DEBUG: EXECUTE ACTION: Controller_Default::actionindex()
2010-11-29T12:14:08+08:00 DEBUG: QDB_ActiveRecord_Association_Abstract::__construct(notes)
2010-11-29T12:14:08+08:00 DEBUG: --- SHUTDOWN TIME --- 1291004048.5269 (0.053232908248901)sec
2010-11-29T12:14:14+08:00 DEBUG: --- STARTUP TIME --- 1291004054.1812
2010-11-29T12:14:14+08:00 DEBUG: MyApp::_initConfig
2010-11-29T12:14:14+08:00 DEBUG: session_start()
2010-11-29T12:14:14+08:00 DEBUG: session_id: gakds7iq2g20ps8d7ou539ccb2
2010-11-29T12:14:14+08:00 DEBUG: REQUEST UDI: default::default/index@default
2010-11-29T12:14:14+08:00 DEBUG: EXECUTE ACTION: Controller_Default::actionindex()
2010-11-29T12:14:14+08:00 DEBUG: QDB_ActiveRecord_Association_Abstract::__construct(notes)
2010-11-29T12:14:14+08:00 DEBUG: --- SHUTDOWN TIME --- 1291004054.2267 (0.045460939407349)sec
2010-11-29T12:14:15+08:00 DEBUG: --- STARTUP TIME --- 1291004055.8286
2010-11-29T12:14:15+08:00 DEBUG: MyApp::_initConfig
2010-11-29T12:14:15+08:00 DEBUG: session_start()
2010-11-29T12:14:15+08:00 DEBUG: session_id: gakds7iq2g20ps8d7ou539ccb2
2010-11-29T12:14:15+08:00 DEBUG: REQUEST UDI: default::default/index@default
2010-11-29T12:14:15+08:00 DEBUG: EXECUTE ACTION: Controller_Default::actionindex()
2010-11-29T12:14:15+08:00 DEBUG: QDB_ActiveRecord_Association_Abstract::__construct(notes)
2010-11-29T12:14:15+08:00 DEBUG: --- SHUTDOWN TIME --- 1291004055.8523 (0.023669004440308)sec
2010-11-29T12:14:17+08:00 DEBUG: --- STARTUP TIME --- 1291004057.4588
2010-11-29T12:14:17+08:00 DEBUG: MyApp::_initConfig
2010-11-29T12:14:17+08:00 DEBUG: session_start()
2010-11-29T12:14:17+08:00 DEBUG: session_id: gakds7iq2g20ps8d7ou539ccb2
2010-11-29T12:14:17+08:00 DEBUG: REQUEST UDI: default::default/index@default
2010-11-29T12:14:17+08:00 DEBUG: EXECUTE ACTION: Controller_Default::actionindex()
2010-11-29T12:14:17+08:00 DEBUG: QDB_ActiveRecord_Association_Abstract::__construct(notes)
2010-11-29T12:14:17+08:00 DEBUG: --- SHUTDOWN TIME --- 1291004057.4875 (0.028693914413452)sec
2010-11-29T12:14:18+08:00 DEBUG: --- STARTUP TIME --- 1291004058.6032
2010-11-29T12:14:18+08:00 DEBUG: MyApp::_initConfig
2010-11-29T12:14:18+08:00 DEBUG: session_start()
2010-11-29T12:14:18+08:00 DEBUG: session_id: gakds7iq2g20ps8d7ou539ccb2
2010-11-29T12:14:18+08:00 DEBUG: REQUEST UDI: default::default/index@default
2010-11-29T12:14:18+08:00 DEBUG: EXECUTE ACTION: Controller_Default::actionindex()
2010-11-29T12:14:18+08:00 DEBUG: QDB_ActiveRecord_Association_Abstract::__construct(notes)
2010-11-29T12:14:18+08:00 DEBUG: --- SHUTDOWN TIME --- 1291004058.6516 (0.048372983932495)sec
2010-11-29T12:14:20+08:00 DEBUG: --- STARTUP TIME --- 1291004060.3521
2010-11-29T12:14:20+08:00 DEBUG: MyApp::_initConfig
2010-11-29T12:14:20+08:00 DEBUG: session_start()
2010-11-29T12:14:20+08:00 DEBUG: session_id: gakds7iq2g20ps8d7ou539ccb2
2010-11-29T12:14:20+08:00 DEBUG: REQUEST UDI: default::default/index@default
2010-11-29T12:14:20+08:00 DEBUG: EXECUTE ACTION: Controller_Default::actionindex()
2010-11-29T12:14:20+08:00 DEBUG: QDB_ActiveRecord_Association_Abstract::__construct(notes)
2010-11-29T12:14:20+08:00 DEBUG: --- SHUTDOWN TIME --- 1291004060.4309 (0.078818798065186)sec
2010-11-29T12:14:24+08:00 DEBUG: --- STARTUP TIME --- 1291004064.2345
2010-11-29T12:14:24+08:00 DEBUG: MyApp::_initConfig
2010-11-29T12:14:24+08:00 DEBUG: session_start()
2010-11-29T12:14:24+08:00 DEBUG: session_id: gakds7iq2g20ps8d7ou539ccb2
2010-11-29T12:14:24+08:00 DEBUG: REQUEST UDI: default::default/index@default
2010-11-29T12:14:24+08:00 DEBUG: EXECUTE ACTION: Controller_Default::actionindex()
2010-11-29T12:14:24+08:00 DEBUG: QDB_ActiveRecord_Association_Abstract::__construct(notes)
2010-11-29T12:14:24+08:00 DEBUG: --- SHUTDOWN TIME --- 1291004064.2567 (0.022251129150391)sec
2010-11-29T12:14:40+08:00 DEBUG: --- STARTUP TIME --- 1291004080.9653
2010-11-29T12:14:40+08:00 DEBUG: MyApp::_initConfig
2010-11-29T12:14:40+08:00 DEBUG: session_start()
2010-11-29T12:14:40+08:00 DEBUG: session_id: gakds7iq2g20ps8d7ou539ccb2
2010-11-29T12:14:40+08:00 DEBUG: REQUEST UDI: default::default/index@default
2010-11-29T12:14:40+08:00 DEBUG: EXECUTE ACTION: Controller_Default::actionindex()
2010-11-29T12:14:41+08:00 DEBUG: QDB_ActiveRecord_Association_Abstract::__construct(notes)
2010-11-29T12:14:41+08:00 DEBUG: --- SHUTDOWN TIME --- 1291004081.0158 (0.050571918487549)sec
2010-11-29T12:14:43+08:00 DEBUG: --- STARTUP TIME --- 1291004083.388
2010-11-29T12:14:43+08:00 DEBUG: MyApp::_initConfig
2010-11-29T12:14:43+08:00 DEBUG: session_start()
2010-11-29T12:14:43+08:00 DEBUG: session_id: gakds7iq2g20ps8d7ou539ccb2
2010-11-29T12:14:43+08:00 DEBUG: REQUEST UDI: default::default/index@default
2010-11-29T12:14:43+08:00 DEBUG: EXECUTE ACTION: Controller_Default::actionindex()
2010-11-29T12:14:43+08:00 DEBUG: QDB_ActiveRecord_Association_Abstract::__construct(notes)
2010-11-29T12:14:43+08:00 DEBUG: --- SHUTDOWN TIME --- 1291004083.4312 (0.043193101882935)sec
2010-11-29T12:14:48+08:00 DEBUG: --- STARTUP TIME --- 1291004088.8644
2010-11-29T12:14:48+08:00 DEBUG: MyApp::_initConfig
2010-11-29T12:14:48+08:00 DEBUG: session_start()
2010-11-29T12:14:48+08:00 DEBUG: session_id: gakds7iq2g20ps8d7ou539ccb2
2010-11-29T12:14:48+08:00 DEBUG: REQUEST UDI: default::default/index@default
2010-11-29T12:14:48+08:00 DEBUG: EXECUTE ACTION: Controller_Default::actionindex()
2010-11-29T12:14:48+08:00 DEBUG: QDB_ActiveRecord_Association_Abstract::__construct(notes)
2010-11-29T12:14:48+08:00 DEBUG: --- SHUTDOWN TIME --- 1291004088.9209 (0.056469917297363)sec
2010-11-29T12:15:11+08:00 DEBUG: --- STARTUP TIME --- 1291004111.9929
2010-11-29T12:15:11+08:00 DEBUG: MyApp::_initConfig
2010-11-29T12:15:12+08:00 DEBUG: session_start()
2010-11-29T12:15:12+08:00 DEBUG: session_id: gakds7iq2g20ps8d7ou539ccb2
2010-11-29T12:15:12+08:00 DEBUG: REQUEST UDI: default::default/index@default
2010-11-29T12:15:12+08:00 DEBUG: EXECUTE ACTION: Controller_Default::actionindex()
2010-11-29T12:15:12+08:00 DEBUG: QDB_ActiveRecord_Association_Abstract::__construct(notes)
2010-11-29T12:15:12+08:00 DEBUG: --- SHUTDOWN TIME --- 1291004112.0597 (0.06680703163147)sec
2010-11-29T12:15:14+08:00 DEBUG: --- STARTUP TIME --- 1291004114.9386
2010-11-29T12:15:14+08:00 DEBUG: MyApp::_initConfig
2010-11-29T12:15:14+08:00 DEBUG: session_start()
2010-11-29T12:15:14+08:00 DEBUG: session_id: gakds7iq2g20ps8d7ou539ccb2
2010-11-29T12:15:14+08:00 DEBUG: REQUEST UDI: default::default/index@default
2010-11-29T12:15:14+08:00 DEBUG: EXECUTE ACTION: Controller_Default::actionindex()
2010-11-29T12:15:14+08:00 DEBUG: QDB_ActiveRecord_Association_Abstract::__construct(notes)
2010-11-29T12:15:14+08:00 DEBUG: --- SHUTDOWN TIME --- 1291004114.9766 (0.03807806968689)sec
2010-11-29T12:15:15+08:00 DEBUG: --- STARTUP TIME --- 1291004115.7623
2010-11-29T12:15:15+08:00 DEBUG: MyApp::_initConfig
2010-11-29T12:15:15+08:00 DEBUG: session_start()
2010-11-29T12:15:15+08:00 DEBUG: session_id: gakds7iq2g20ps8d7ou539ccb2
2010-11-29T12:15:15+08:00 DEBUG: REQUEST UDI: default::default/index@default
2010-11-29T12:15:15+08:00 DEBUG: EXECUTE ACTION: Controller_Default::actionindex()
2010-11-29T12:15:15+08:00 DEBUG: QDB_ActiveRecord_Association_Abstract::__construct(notes)
2010-11-29T12:15:15+08:00 DEBUG: --- SHUTDOWN TIME --- 1291004115.7803 (0.018013000488281)sec
2010-11-29T12:15:16+08:00 DEBUG: --- STARTUP TIME --- 1291004116.4982
2010-11-29T12:15:16+08:00 DEBUG: MyApp::_initConfig
2010-11-29T12:15:16+08:00 DEBUG: session_start()
2010-11-29T12:15:16+08:00 DEBUG: session_id: gakds7iq2g20ps8d7ou539ccb2
2010-11-29T12:15:16+08:00 DEBUG: REQUEST UDI: default::default/index@default
2010-11-29T12:15:16+08:00 DEBUG: EXECUTE ACTION: Controller_Default::actionindex()
2010-11-29T12:15:16+08:00 DEBUG: QDB_ActiveRecord_Association_Abstract::__construct(notes)
2010-11-29T12:15:16+08:00 DEBUG: --- SHUTDOWN TIME --- 1291004116.5169 (0.018671989440918)sec
2010-11-29T12:15:17+08:00 DEBUG: --- STARTUP TIME --- 1291004117.5138
2010-11-29T12:15:17+08:00 DEBUG: MyApp::_initConfig
2010-11-29T12:15:17+08:00 DEBUG: session_start()
2010-11-29T12:15:17+08:00 DEBUG: session_id: gakds7iq2g20ps8d7ou539ccb2
2010-11-29T12:15:17+08:00 DEBUG: REQUEST UDI: default::default/index@default
2010-11-29T12:15:17+08:00 DEBUG: EXECUTE ACTION: Controller_Default::actionindex()
2010-11-29T12:15:17+08:00 DEBUG: QDB_ActiveRecord_Association_Abstract::__construct(notes)
2010-11-29T12:15:17+08:00 DEBUG: --- SHUTDOWN TIME --- 1291004117.5324 (0.018553972244263)sec
2010-11-29T12:15:57+08:00 DEBUG: --- STARTUP TIME --- 1291004157.0727
2010-11-29T12:15:57+08:00 DEBUG: MyApp::_initConfig
2010-11-29T12:15:57+08:00 DEBUG: session_start()
2010-11-29T12:15:57+08:00 DEBUG: session_id: gakds7iq2g20ps8d7ou539ccb2
2010-11-29T12:15:57+08:00 DEBUG: REQUEST UDI: default::default/index@default
2010-11-29T12:15:57+08:00 DEBUG: EXECUTE ACTION: Controller_Default::actionindex()
2010-11-29T12:15:57+08:00 DEBUG: QDB_ActiveRecord_Association_Abstract::__construct(notes)
2010-11-29T12:15:57+08:00 DEBUG: --- SHUTDOWN TIME --- 1291004157.1233 (0.050611972808838)sec
2010-11-29T12:15:59+08:00 DEBUG: --- STARTUP TIME --- 1291004159.1473
2010-11-29T12:15:59+08:00 DEBUG: MyApp::_initConfig
2010-11-29T12:15:59+08:00 DEBUG: session_start()
2010-11-29T12:15:59+08:00 DEBUG: session_id: gakds7iq2g20ps8d7ou539ccb2
2010-11-29T12:15:59+08:00 DEBUG: REQUEST UDI: default::default/index@default
2010-11-29T12:15:59+08:00 DEBUG: EXECUTE ACTION: Controller_Default::actionindex()
2010-11-29T12:15:59+08:00 DEBUG: QDB_ActiveRecord_Association_Abstract::__construct(notes)
2010-11-29T12:15:59+08:00 DEBUG: --- SHUTDOWN TIME --- 1291004159.1898 (0.042481184005737)sec
2010-11-29T12:16:00+08:00 DEBUG: --- STARTUP TIME --- 1291004160.0423
2010-11-29T12:16:00+08:00 DEBUG: MyApp::_initConfig
2010-11-29T12:16:00+08:00 DEBUG: session_start()
2010-11-29T12:16:00+08:00 DEBUG: session_id: gakds7iq2g20ps8d7ou539ccb2
2010-11-29T12:16:00+08:00 DEBUG: REQUEST UDI: default::default/index@default
2010-11-29T12:16:00+08:00 DEBUG: EXECUTE ACTION: Controller_Default::actionindex()
2010-11-29T12:16:00+08:00 DEBUG: QDB_ActiveRecord_Association_Abstract::__construct(notes)
2010-11-29T12:16:00+08:00 DEBUG: --- SHUTDOWN TIME --- 1291004160.0628 (0.02051305770874)sec
2010-11-29T12:16:01+08:00 DEBUG: --- STARTUP TIME --- 1291004161.2349
2010-11-29T12:16:01+08:00 DEBUG: MyApp::_initConfig
2010-11-29T12:16:01+08:00 DEBUG: session_start()
2010-11-29T12:16:01+08:00 DEBUG: session_id: gakds7iq2g20ps8d7ou539ccb2
2010-11-29T12:16:01+08:00 DEBUG: REQUEST UDI: default::default/index@default
2010-11-29T12:16:01+08:00 DEBUG: EXECUTE ACTION: Controller_Default::actionindex()
2010-11-29T12:16:01+08:00 DEBUG: QDB_ActiveRecord_Association_Abstract::__construct(notes)
2010-11-29T12:16:01+08:00 DEBUG: --- SHUTDOWN TIME --- 1291004161.2611 (0.026255130767822)sec
2010-11-29T12:16:01+08:00 DEBUG: --- STARTUP TIME --- 1291004161.914
2010-11-29T12:16:01+08:00 DEBUG: MyApp::_initConfig
2010-11-29T12:16:01+08:00 DEBUG: session_start()
2010-11-29T12:16:01+08:00 DEBUG: session_id: gakds7iq2g20ps8d7ou539ccb2
2010-11-29T12:16:01+08:00 DEBUG: REQUEST UDI: default::default/index@default
2010-11-29T12:16:01+08:00 DEBUG: EXECUTE ACTION: Controller_Default::actionindex()
2010-11-29T12:16:01+08:00 DEBUG: QDB_ActiveRecord_Association_Abstract::__construct(notes)
2010-11-29T12:16:01+08:00 DEBUG: --- SHUTDOWN TIME --- 1291004161.9333 (0.019292116165161)sec
2010-11-29T12:16:03+08:00 DEBUG: --- STARTUP TIME --- 1291004163.9062
2010-11-29T12:16:03+08:00 DEBUG: MyApp::_initConfig
2010-11-29T12:16:03+08:00 DEBUG: session_start()
2010-11-29T12:16:03+08:00 DEBUG: session_id: gakds7iq2g20ps8d7ou539ccb2
2010-11-29T12:16:03+08:00 DEBUG: REQUEST UDI: default::default/index@default
2010-11-29T12:16:03+08:00 DEBUG: EXECUTE ACTION: Controller_Default::actionindex()
2010-11-29T12:16:03+08:00 DEBUG: QDB_ActiveRecord_Association_Abstract::__construct(notes)
2010-11-29T12:16:03+08:00 DEBUG: --- SHUTDOWN TIME --- 1291004163.9727 (0.066545009613037)sec
2010-11-29T12:16:22+08:00 DEBUG: --- STARTUP TIME --- 1291004182.5837
2010-11-29T12:16:22+08:00 DEBUG: MyApp::_initConfig
2010-11-29T12:16:22+08:00 DEBUG: session_start()
2010-11-29T12:16:22+08:00 DEBUG: session_id: gakds7iq2g20ps8d7ou539ccb2
2010-11-29T12:16:22+08:00 DEBUG: REQUEST UDI: default::default/index@default
2010-11-29T12:16:22+08:00 DEBUG: EXECUTE ACTION: Controller_Default::actionindex()
2010-11-29T12:16:22+08:00 DEBUG: QDB_ActiveRecord_Association_Abstract::__construct(notes)
2010-11-29T12:16:22+08:00 DEBUG: --- SHUTDOWN TIME --- 1291004182.6368 (0.053071975708008)sec
2010-11-29T12:16:23+08:00 DEBUG: --- STARTUP TIME --- 1291004183.9547
2010-11-29T12:16:23+08:00 DEBUG: MyApp::_initConfig
2010-11-29T12:16:23+08:00 DEBUG: session_start()
2010-11-29T12:16:23+08:00 DEBUG: session_id: gakds7iq2g20ps8d7ou539ccb2
2010-11-29T12:16:23+08:00 DEBUG: REQUEST UDI: default::default/index@default
2010-11-29T12:16:23+08:00 DEBUG: EXECUTE ACTION: Controller_Default::actionindex()
2010-11-29T12:16:23+08:00 DEBUG: QDB_ActiveRecord_Association_Abstract::__construct(notes)
2010-11-29T12:16:23+08:00 DEBUG: --- SHUTDOWN TIME --- 1291004183.9864 (0.031687021255493)sec
2010-11-29T12:16:24+08:00 DEBUG: --- STARTUP TIME --- 1291004184.7384
2010-11-29T12:16:24+08:00 DEBUG: MyApp::_initConfig
2010-11-29T12:16:24+08:00 DEBUG: session_start()
2010-11-29T12:16:24+08:00 DEBUG: session_id: gakds7iq2g20ps8d7ou539ccb2
2010-11-29T12:16:24+08:00 DEBUG: REQUEST UDI: default::default/index@default
2010-11-29T12:16:24+08:00 DEBUG: EXECUTE ACTION: Controller_Default::actionindex()
2010-11-29T12:16:24+08:00 DEBUG: QDB_ActiveRecord_Association_Abstract::__construct(notes)
2010-11-29T12:16:24+08:00 DEBUG: --- SHUTDOWN TIME --- 1291004184.763 (0.024579048156738)sec
2010-11-29T12:16:25+08:00 DEBUG: --- STARTUP TIME --- 1291004185.4035
2010-11-29T12:16:25+08:00 DEBUG: MyApp::_initConfig
2010-11-29T12:16:25+08:00 DEBUG: session_start()
2010-11-29T12:16:25+08:00 DEBUG: session_id: gakds7iq2g20ps8d7ou539ccb2
2010-11-29T12:16:25+08:00 DEBUG: REQUEST UDI: default::default/index@default
2010-11-29T12:16:25+08:00 DEBUG: EXECUTE ACTION: Controller_Default::actionindex()
2010-11-29T12:16:25+08:00 DEBUG: QDB_ActiveRecord_Association_Abstract::__construct(notes)
2010-11-29T12:16:25+08:00 DEBUG: --- SHUTDOWN TIME --- 1291004185.4229 (0.019345045089722)sec
2010-11-29T12:16:25+08:00 DEBUG: --- STARTUP TIME --- 1291004185.9725
2010-11-29T12:16:25+08:00 DEBUG: MyApp::_initConfig
2010-11-29T12:16:25+08:00 DEBUG: session_start()
2010-11-29T12:16:25+08:00 DEBUG: session_id: gakds7iq2g20ps8d7ou539ccb2
2010-11-29T12:16:25+08:00 DEBUG: REQUEST UDI: default::default/index@default
2010-11-29T12:16:25+08:00 DEBUG: EXECUTE ACTION: Controller_Default::actionindex()
2010-11-29T12:16:25+08:00 DEBUG: QDB_ActiveRecord_Association_Abstract::__construct(notes)
2010-11-29T12:16:25+08:00 DEBUG: --- SHUTDOWN TIME --- 1291004185.9909 (0.018401861190796)sec
2010-11-29T12:16:27+08:00 DEBUG: --- STARTUP TIME --- 1291004187.4273
2010-11-29T12:16:27+08:00 DEBUG: MyApp::_initConfig
2010-11-29T12:16:27+08:00 DEBUG: session_start()
2010-11-29T12:16:27+08:00 DEBUG: session_id: gakds7iq2g20ps8d7ou539ccb2
2010-11-29T12:16:27+08:00 DEBUG: REQUEST UDI: default::default/index@default
2010-11-29T12:16:27+08:00 DEBUG: EXECUTE ACTION: Controller_Default::actionindex()
2010-11-29T12:16:27+08:00 DEBUG: QDB_ActiveRecord_Association_Abstract::__construct(notes)
2010-11-29T12:16:27+08:00 DEBUG: --- SHUTDOWN TIME --- 1291004187.4502 (0.022851943969727)sec
2010-11-29T13:27:27+08:00 DEBUG: --- STARTUP TIME --- 1291008447.9459
2010-11-29T13:27:27+08:00 DEBUG: MyApp::_initConfig
2010-11-29T13:27:28+08:00 DEBUG: session_start()
2010-11-29T13:27:28+08:00 DEBUG: session_id: gakds7iq2g20ps8d7ou539ccb2
2010-11-29T13:27:28+08:00 DEBUG: REQUEST UDI: default::default/index@default
2010-11-29T13:27:28+08:00 DEBUG: EXECUTE ACTION: Controller_Default::actionindex()
2010-11-29T13:27:28+08:00 DEBUG: QDB_ActiveRecord_Association_Abstract::__construct(notes)
2010-11-29T13:27:28+08:00 DEBUG: --- SHUTDOWN TIME --- 1291008448.1947 (0.24874591827393)sec
2010-11-29T13:27:42+08:00 DEBUG: --- STARTUP TIME --- 1291008462.0115
2010-11-29T13:27:42+08:00 DEBUG: MyApp::_initConfig
2010-11-29T13:27:42+08:00 DEBUG: session_start()
2010-11-29T13:27:42+08:00 DEBUG: session_id: gakds7iq2g20ps8d7ou539ccb2
2010-11-29T13:27:42+08:00 DEBUG: REQUEST UDI: default::default/topic@default
2010-11-29T13:27:42+08:00 DEBUG: EXECUTE ACTION: Controller_Default::actiontopic()
2010-11-29T13:27:42+08:00 DEBUG: QDB_ActiveRecord_Association_Abstract::__construct(notes)
2010-11-29T13:27:42+08:00 DEBUG: --- SHUTDOWN TIME --- 1291008462.244 (0.23243689537048)sec
2010-11-29T13:29:41+08:00 DEBUG: --- STARTUP TIME --- 1291008581.5167
2010-11-29T13:29:41+08:00 DEBUG: MyApp::_initConfig
2010-11-29T13:29:41+08:00 DEBUG: session_start()
2010-11-29T13:29:41+08:00 DEBUG: session_id: gakds7iq2g20ps8d7ou539ccb2
2010-11-29T13:29:41+08:00 DEBUG: REQUEST UDI: default::default/topic@default
2010-11-29T13:29:41+08:00 DEBUG: EXECUTE ACTION: Controller_Default::actiontopic()
2010-11-29T13:29:41+08:00 DEBUG: QDB_ActiveRecord_Association_Abstract::__construct(notes)
2010-11-29T13:29:41+08:00 DEBUG: --- SHUTDOWN TIME --- 1291008581.6129 (0.09623384475708)sec
2010-11-29T13:29:47+08:00 DEBUG: --- STARTUP TIME --- 1291008586.9473
2010-11-29T13:29:47+08:00 DEBUG: MyApp::_initConfig
2010-11-29T13:29:47+08:00 DEBUG: session_start()
2010-11-29T13:29:47+08:00 DEBUG: session_id: gakds7iq2g20ps8d7ou539ccb2
2010-11-29T13:29:47+08:00 DEBUG: REQUEST UDI: default::default/index@default
2010-11-29T13:29:47+08:00 DEBUG: EXECUTE ACTION: Controller_Default::actionindex()
2010-11-29T13:29:47+08:00 DEBUG: QDB_ActiveRecord_Association_Abstract::__construct(notes)
2010-11-29T13:29:47+08:00 DEBUG: --- SHUTDOWN TIME --- 1291008587.2576 (0.31025218963623)sec
2010-11-29T13:30:35+08:00 DEBUG: --- STARTUP TIME --- 1291008635.4614
2010-11-29T13:30:35+08:00 DEBUG: MyApp::_initConfig
2010-11-29T13:30:35+08:00 DEBUG: session_start()
2010-11-29T13:30:35+08:00 DEBUG: session_id: gakds7iq2g20ps8d7ou539ccb2
2010-11-29T13:30:35+08:00 DEBUG: REQUEST UDI: default::default/index@default
2010-11-29T13:30:35+08:00 DEBUG: EXECUTE ACTION: Controller_Default::actionindex()
2010-11-29T13:30:35+08:00 DEBUG: QDB_ActiveRecord_Association_Abstract::__construct(notes)
2010-11-29T13:30:35+08:00 DEBUG: --- SHUTDOWN TIME --- 1291008635.5241 (0.062703132629395)sec
2010-11-29T13:31:04+08:00 DEBUG: --- STARTUP TIME --- 1291008664.6426
2010-11-29T13:31:04+08:00 DEBUG: MyApp::_initConfig
2010-11-29T13:31:04+08:00 DEBUG: session_start()
2010-11-29T13:31:04+08:00 DEBUG: session_id: gakds7iq2g20ps8d7ou539ccb2
2010-11-29T13:31:04+08:00 DEBUG: REQUEST UDI: default::default/index@default
2010-11-29T13:31:04+08:00 DEBUG: EXECUTE ACTION: Controller_Default::actionindex()
2010-11-29T13:31:04+08:00 DEBUG: QDB_ActiveRecord_Association_Abstract::__construct(notes)
2010-11-29T13:31:04+08:00 DEBUG: --- SHUTDOWN TIME --- 1291008664.8989 (0.25630617141724)sec
2010-11-29T13:31:53+08:00 DEBUG: --- STARTUP TIME --- 1291008713.3222
2010-11-29T13:31:53+08:00 DEBUG: MyApp::_initConfig
2010-11-29T13:31:53+08:00 DEBUG: session_start()
2010-11-29T13:31:53+08:00 DEBUG: session_id: gakds7iq2g20ps8d7ou539ccb2
2010-11-29T13:31:53+08:00 DEBUG: REQUEST UDI: default::default/index@default
2010-11-29T13:31:53+08:00 DEBUG: EXECUTE ACTION: Controller_Default::actionindex()
2010-11-29T13:31:53+08:00 DEBUG: QDB_ActiveRecord_Association_Abstract::__construct(notes)
2010-11-29T13:31:53+08:00 DEBUG: --- SHUTDOWN TIME --- 1291008713.3902 (0.068058013916016)sec
2010-11-29T13:31:57+08:00 DEBUG: --- STARTUP TIME --- 1291008717.0859
2010-11-29T13:31:57+08:00 DEBUG: MyApp::_initConfig
2010-11-29T13:31:57+08:00 DEBUG: session_start()
2010-11-29T13:31:57+08:00 DEBUG: session_id: gakds7iq2g20ps8d7ou539ccb2
2010-11-29T13:31:57+08:00 DEBUG: REQUEST UDI: default::default/topic@default
2010-11-29T13:31:57+08:00 DEBUG: EXECUTE ACTION: Controller_Default::actiontopic()
2010-11-29T13:31:57+08:00 DEBUG: QDB_ActiveRecord_Association_Abstract::__construct(notes)
2010-11-29T13:31:57+08:00 DEBUG: --- SHUTDOWN TIME --- 1291008717.8841 (0.79819798469543)sec
2010-11-29T13:32:09+08:00 DEBUG: --- STARTUP TIME --- 1291008729.0778
2010-11-29T13:32:09+08:00 DEBUG: MyApp::_initConfig
2010-11-29T13:32:09+08:00 DEBUG: session_start()
2010-11-29T13:32:09+08:00 DEBUG: session_id: gakds7iq2g20ps8d7ou539ccb2
2010-11-29T13:32:09+08:00 DEBUG: REQUEST UDI: default::default/topic@default
2010-11-29T13:32:09+08:00 DEBUG: EXECUTE ACTION: Controller_Default::actiontopic()
2010-11-29T13:32:09+08:00 DEBUG: QDB_ActiveRecord_Association_Abstract::__construct(notes)
2010-11-29T13:32:09+08:00 DEBUG: --- SHUTDOWN TIME --- 1291008729.176 (0.09821605682373)sec
2010-11-29T13:32:12+08:00 DEBUG: --- STARTUP TIME --- 1291008732.9328
2010-11-29T13:32:12+08:00 DEBUG: MyApp::_initConfig
2010-11-29T13:32:12+08:00 DEBUG: session_start()
2010-11-29T13:32:12+08:00 DEBUG: session_id: gakds7iq2g20ps8d7ou539ccb2
2010-11-29T13:32:12+08:00 DEBUG: REQUEST UDI: default::default/index@default
2010-11-29T13:32:12+08:00 DEBUG: EXECUTE ACTION: Controller_Default::actionindex()
2010-11-29T13:32:12+08:00 DEBUG: QDB_ActiveRecord_Association_Abstract::__construct(notes)
2010-11-29T13:32:13+08:00 DEBUG: --- SHUTDOWN TIME --- 1291008733.0294 (0.096636056900024)sec
2010-11-29T13:32:17+08:00 DEBUG: --- STARTUP TIME --- 1291008737.0414
2010-11-29T13:32:17+08:00 DEBUG: MyApp::_initConfig
2010-11-29T13:32:17+08:00 DEBUG: session_start()
2010-11-29T13:32:17+08:00 DEBUG: session_id: gakds7iq2g20ps8d7ou539ccb2
2010-11-29T13:32:17+08:00 DEBUG: REQUEST UDI: default::default/topic@default
2010-11-29T13:32:17+08:00 DEBUG: EXECUTE ACTION: Controller_Default::actiontopic()
2010-11-29T13:32:17+08:00 DEBUG: QDB_ActiveRecord_Association_Abstract::__construct(notes)
2010-11-29T13:32:17+08:00 DEBUG: --- SHUTDOWN TIME --- 1291008737.1547 (0.11335802078247)sec
2010-11-29T13:32:24+08:00 DEBUG: --- STARTUP TIME --- 1291008744.2907
2010-11-29T13:32:24+08:00 DEBUG: MyApp::_initConfig
2010-11-29T13:32:24+08:00 DEBUG: session_start()
2010-11-29T13:32:24+08:00 DEBUG: session_id: gakds7iq2g20ps8d7ou539ccb2
2010-11-29T13:32:24+08:00 DEBUG: REQUEST UDI: default::default/index@default
2010-11-29T13:32:24+08:00 DEBUG: EXECUTE ACTION: Controller_Default::actionindex()
2010-11-29T13:32:24+08:00 DEBUG: QDB_ActiveRecord_Association_Abstract::__construct(notes)
2010-11-29T13:32:24+08:00 DEBUG: --- SHUTDOWN TIME --- 1291008744.3463 (0.055597066879272)sec
2010-11-29T13:32:32+08:00 DEBUG: --- STARTUP TIME --- 1291008752.3374
2010-11-29T13:32:32+08:00 DEBUG: MyApp::_initConfig
2010-11-29T13:32:32+08:00 DEBUG: session_start()
2010-11-29T13:32:32+08:00 DEBUG: session_id: gakds7iq2g20ps8d7ou539ccb2
2010-11-29T13:32:32+08:00 DEBUG: REQUEST UDI: default::default/index@default
2010-11-29T13:32:32+08:00 DEBUG: EXECUTE ACTION: Controller_Default::actionindex()
2010-11-29T13:32:32+08:00 DEBUG: QDB_ActiveRecord_Association_Abstract::__construct(notes)
2010-11-29T13:32:32+08:00 DEBUG: --- SHUTDOWN TIME --- 1291008752.4096 (0.072201013565063)sec
2010-11-29T13:53:40+08:00 DEBUG: --- STARTUP TIME --- 1291010020.5859
2010-11-29T13:53:40+08:00 DEBUG: MyApp::_initConfig
2010-11-29T13:53:40+08:00 DEBUG: session_start()
2010-11-29T13:53:40+08:00 DEBUG: session_id: gakds7iq2g20ps8d7ou539ccb2
2010-11-29T13:53:40+08:00 DEBUG: REQUEST UDI: default::default/index@default
2010-11-29T13:53:40+08:00 DEBUG: EXECUTE ACTION: Controller_Default::actionindex()
2010-11-29T13:53:40+08:00 DEBUG: QDB_ActiveRecord_Association_Abstract::__construct(notes)
2010-11-29T13:53:40+08:00 DEBUG: --- SHUTDOWN TIME --- 1291010020.7054 (0.11947512626648)sec
